<?xml version="1.0" encoding="UTF-8"?>
<!-- Generated by org.testng.reporters.JUnitReportReporter -->
<testsuite hostname="imthiyaz-macbookpro4.roam.corp.google.com" failures="0" tests="1" name="com.qa.test.testpage.LoginTest" time="51.010" errors="0" timestamp="14 Feb 2018 12:22:35 GMT" skipped="0">
  <testcase classname="com.qa.test.testpage.LoginTest" name="login" time="51.010"/>
</testsuite> <!-- com.qa.test.testpage.LoginTest -->
